<?xml version="1.0" encoding="UTF-8"?>
<!-- Generated by org.testng.reporters.JUnitReportReporter -->
<testsuite hostname="Roger" failures="0" tests="8" name="CucumberRunner.FeatureRunner" time="21.165" errors="0" timestamp="2023-03-16T13:19:44 IST" skipped="0">
  <testcase classname="CucumberRunner.FeatureRunner" name="runScenario" time="8.788"/>
  <testcase classname="CucumberRunner.FeatureRunner" name="runScenario" time="3.705"/>
  <testcase classname="CucumberRunner.FeatureRunner" name="runScenario" time="0.145"/>
  <testcase classname="CucumberRunner.FeatureRunner" name="runScenario" time="0.509"/>
  <testcase classname="CucumberRunner.FeatureRunner" name="runScenario" time="3.131"/>
  <testcase classname="CucumberRunner.FeatureRunner" name="runScenario" time="1.601"/>
  <testcase classname="CucumberRunner.FeatureRunner" name="runScenario" time="0.510"/>
  <testcase classname="CucumberRunner.FeatureRunner" name="runScenario" time="2.776"/>
</testsuite> <!-- CucumberRunner.FeatureRunner -->
